WARN  skipping template file "/Users/nsm/Projects/nsm-3home/_vendor/github.com/HugoBlox/hugo-blox-builder/modules/blox-tailwind/layouts/_default/_markup/sitemap.xml": unrecognized render hook template
WARN  RENDERING VIEW FRAGMENT: views/card.start.html from page: blog/_index.md
WARN  *****************************
WARN  CARD CALLED — context: map[string]interface {}{"config":map[string]interface {}{}, "index":interface {}(nil), "item":(*hugolib.pageState)(0x140014c8230), "page":(*hugolib.pageState)(0x140014c8230)}
WARN  DEBUG $item.Title: "Blog" and .Date: 2023-10-27 00:00:00 +0000 UTC
WARN  RENDERING VIEW: views/card.html from page: blog/get-started/index.md
WARN  CARD CALLED — context: map[string]interface {}{"config":map[string]interface {}{}, "index":0, "item":(*hugolib.pageState)(0x140016449a0), "page":(*hugolib.pageState)(0x140016449a0)}
WARN  DEBUG $item.Title: "🎉 Easily create your own simple yet highly customizable blog" and .Date: 2023-10-27 00:00:00 +0000 UTC
WARN  RENDERING VIEW: views/card.html from page: blog/second-brain/index.md
WARN  CARD CALLED — context: map[string]interface {}{"config":map[string]interface {}{}, "index":1, "item":(*hugolib.pageState)(0x140016868c0), "page":(*hugolib.pageState)(0x140016868c0)}
WARN  DEBUG $item.Title: "🧠 Sharpen your thinking with a second brain" and .Date: 2023-10-26 00:00:00 +0000 UTC
WARN  RENDERING VIEW FRAGMENT: views/card.start.html from page: %!s(<nil>)
WARN  CARD CALLED — context: map[string]interface {}{"config":map[string]interface {}{"columns":2, "fill_image":true, "len":5}, "index":interface {}(nil), "item":map[string]interface {}{"wcBlock":map[string]interface {}{"block":"collection", "content":map[string]interface {}{"filters":map[string]interface {}{"folders":[]interface {}{"blog"}}}, "design":map[string]interface {}{"spacing":map[string]interface {}{"padding":[]interface {}{"3rem", 0, "6rem", 0}}}}, "wcIdentifier":"section-collection", "wcPage":(*hugolib.pageState)(0x140012b36c0)}, "page":map[string]interface {}{"block":"collection", "content":map[string]interface {}{"filters":map[string]interface {}{"folders":[]interface {}{"blog"}}}, "design":map[string]interface {}{"spacing":map[string]interface {}{"padding":[]interface {}{"3rem", 0, "6rem", 0}}}}}
WARN  DEBUG $item.Title: <nil> and .Date: <nil>
WARN  RENDERING VIEW: views/card.html from page: blog/data-visualization/index.md
WARN  CARD CALLED — context: map[string]interface {}{"config":map[string]interface {}{}, "index":2, "item":(*hugolib.pageState)(0x14001436930), "page":(*hugolib.pageState)(0x14001436930)}
WARN  DEBUG $item.Title: "📈 Communicate your results effectively with the best data visualizations" and .Date: 2023-10-25 00:00:00 +0000 UTC
WARN  RENDERING VIEW: views/card.html from page: blog/teach-courses/index.md
WARN  CARD CALLED — context: map[string]interface {}{"config":map[string]interface {}{}, "index":3, "item":(*hugolib.pageState)(0x140014c8d20), "page":(*hugolib.pageState)(0x140014c8d20)}
WARN  DEBUG $item.Title: "👩🏼\u200d🏫 Teach academic courses" and .Date: 2023-10-24 00:00:00 +0000 UTC
WARN  RENDERING VIEW: views/card.html from page: blog/project-management/index.md
WARN  CARD CALLED — context: map[string]interface {}{"config":map[string]interface {}{}, "index":4, "item":(*hugolib.pageState)(0x140013248c0), "page":(*hugolib.pageState)(0x140013248c0)}
WARN  DEBUG $item.Title: "✅ Manage your projects" and .Date: 2023-10-23 00:00:00 +0000 UTC
WARN  RENDERING VIEW FRAGMENT: views/card.end.html from page: blog/_index.md
ERROR render of "/tags/academic" failed: "/Users/nsm/Projects/nsm-3home/_vendor/github.com/HugoBlox/hugo-blox-builder/modules/blox-tailwind/layouts/_default/list.html:15:5": execute of template failed: template: list.html:15:5: executing "main" at <partial "functions/render_view" (dict "fragment" "start" "page" $block "item" . "view" $view)>: error calling partial: "/Users/nsm/Projects/nsm-3home/layouts/partials/functions/render_view.html:21:90": execute of template failed: template: _partials/functions/render_view.html:21:90: executing "_partials/functions/render_view.html" at <$page.File.Path>: error calling Path: runtime error: invalid memory address or nil pointer dereference
ERROR render of "/tags/hugo" failed: "/Users/nsm/Projects/nsm-3home/_vendor/github.com/HugoBlox/hugo-blox-builder/modules/blox-tailwind/layouts/_default/list.html:15:5": execute of template failed: template: list.html:15:5: executing "main" at <partial "functions/render_view" (dict "fragment" "start" "page" $block "item" . "view" $view)>: error calling partial: "/Users/nsm/Projects/nsm-3home/layouts/partials/functions/render_view.html:21:90": execute of template failed: template: _partials/functions/render_view.html:21:90: executing "_partials/functions/render_view.html" at <$page.File.Path>: error calling Path: runtime error: invalid memory address or nil pointer dereference
ERROR render of "/tags/hugo-blox" failed: "/Users/nsm/Projects/nsm-3home/_vendor/github.com/HugoBlox/hugo-blox-builder/modules/blox-tailwind/layouts/_default/list.html:15:5": execute of template failed: template: list.html:15:5: executing "main" at <partial "functions/render_view" (dict "fragment" "start" "page" $block "item" . "view" $view)>: error calling partial: "/Users/nsm/Projects/nsm-3home/layouts/partials/functions/render_view.html:21:90": execute of template failed: template: _partials/functions/render_view.html:21:90: executing "_partials/functions/render_view.html" at <$page.File.Path>: error calling Path: runtime error: invalid memory address or nil pointer dereference
ERROR render of "/tags/markdown" failed: "/Users/nsm/Projects/nsm-3home/_vendor/github.com/HugoBlox/hugo-blox-builder/modules/blox-tailwind/layouts/_default/list.html:15:5": execute of template failed: template: list.html:15:5: executing "main" at <partial "functions/render_view" (dict "fragment" "start" "page" $block "item" . "view" $view)>: error calling partial: "/Users/nsm/Projects/nsm-3home/layouts/partials/functions/render_view.html:21:90": execute of template failed: template: _partials/functions/render_view.html:21:90: executing "_partials/functions/render_view.html" at <$page.File.Path>: error calling Path: runtime error: invalid memory address or nil pointer dereference
